\BOOKMARK [1][-]{Doc-Start}{\376\377\000A\000b\000s\000t\000r\000a\000c\000t}{}% 1
\BOOKMARK [1][-]{Doc-Start}{\376\377\000A\000c\000k\000n\000o\000w\000l\000e\000d\000g\000e\000m\000e\000n\000t\000s}{}% 2
\BOOKMARK [1][-]{section.0.1}{\376\377\000L\000i\000s\000t\000\040\000o\000f\000\040\000T\000a\000b\000l\000e\000s}{}% 3
\BOOKMARK [1][-]{section.0.2}{\376\377\000L\000i\000s\000t\000\040\000o\000f\000\040\000F\000i\000g\000u\000r\000e\000s}{}% 4
\BOOKMARK [1][-]{section.0.3}{\376\377\000A\000b\000b\000r\000e\000v\000i\000a\000t\000i\000o\000n\000s}{}% 5
\BOOKMARK [1][-]{section.0.4}{\376\377\000C\000H\000A\000P\000T\000E\000R\000\040\0001\000:\000\040\000I\000N\000T\000R\000O\000D\000U\000C\000T\000I\000O\000N}{}% 6
\BOOKMARK [2][-]{section*.1}{\376\377\0001\000.\0001\000\040\000G\000e\000n\000e\000r\000a\000l\000\040\000O\000v\000e\000r\000v\000i\000e\000w}{section.0.4}% 7
\BOOKMARK [3][-]{section*.1}{\376\377\0001\000.\0002\000\040\000U\000n\000d\000e\000r\000s\000t\000a\000n\000d\000i\000n\000g\000\040\000M\000e\000d\000i\000c\000a\000t\000i\000o\000n\000\040\000E\000r\000r\000o\000r\000s\000\040\000a\000n\000d\000\040\000t\000h\000e\000\040\000L\000A\000S\000A\000\040\000P\000r\000o\000b\000l\000e\000m}{section.0.4}% 8
\BOOKMARK [3][-]{section*.1}{\376\377\0001\000.\0003\000\040\000D\000i\000s\000a\000s\000t\000r\000o\000u\000s\000\040\000I\000m\000p\000a\000c\000t\000\040\000o\000n\000\040\000G\000l\000o\000b\000a\000l\000\040\000H\000e\000a\000l\000t\000h\000c\000a\000r\000e\000\040\000S\000y\000s\000t\000e\000m\000s}{section.0.4}% 9
\BOOKMARK [3][-]{section*.1}{\376\377\0001\000.\0004\000\040\000T\000h\000e\000\040\000E\000v\000o\000l\000v\000i\000n\000g\000\040\000R\000o\000l\000e\000\040\000o\000f\000\040\000A\000I\000\040\000i\000n\000\040\000H\000e\000a\000l\000t\000h\000c\000a\000r\000e\000\040\000S\000a\000f\000e\000t\000y\000\040\000N\000e\000t\000w\000o\000r\000k\000s}{section.0.4}% 10
\BOOKMARK [3][-]{section*.1}{\376\377\0001\000.\0005\000\040\000C\000o\000r\000e\000\040\000R\000e\000s\000e\000a\000r\000c\000h\000\040\000A\000i\000m\000\040\000a\000n\000d\000\040\000O\000b\000j\000e\000c\000t\000i\000v\000e\000\040\000F\000o\000r\000m\000u\000l\000a\000t\000i\000o\000n}{section.0.4}% 11
\BOOKMARK [3][-]{section*.1}{\376\377\0001\000.\0006\000\040\000D\000i\000s\000t\000i\000n\000c\000t\000\040\000N\000o\000v\000e\000l\000t\000y\000\040\000o\000f\000\040\000t\000h\000e\000\040\000P\000r\000o\000p\000o\000s\000e\000d\000\040\000S\000y\000s\000t\000e\000m\000\040\000A\000r\000c\000h\000i\000t\000e\000c\000t\000u\000r\000e}{section.0.4}% 12
\BOOKMARK [3][-]{section*.1}{\376\377\0001\000.\0007\000\040\000O\000r\000g\000a\000n\000i\000z\000a\000t\000i\000o\000n\000\040\000o\000f\000\040\000t\000h\000e\000\040\000R\000e\000p\000o\000r\000t\000\040\000C\000h\000a\000p\000t\000e\000r\000s}{section.0.4}% 13
\BOOKMARK [1][-]{section.0.5}{\376\377\000C\000H\000A\000P\000T\000E\000R\000\040\0002\000:\000\040\000L\000I\000T\000E\000R\000A\000T\000U\000R\000E\000\040\000R\000E\000V\000I\000E\000W\000\040\000a\000n\000d\000\040\000T\000H\000E\000O\000R\000E\000T\000I\000C\000A\000L\000\040\000B\000A\000C\000K\000G\000R\000O\000U\000N\000D}{}% 14
\BOOKMARK [2][-]{section*.2}{\376\377\0002\000.\0001\000\040\000G\000e\000n\000e\000r\000a\000l\000\040\000E\000p\000i\000d\000e\000m\000i\000o\000l\000o\000g\000i\000c\000a\000l\000\040\000O\000v\000e\000r\000v\000i\000e\000w}{section.0.5}% 15
\BOOKMARK [3][-]{section*.2}{\376\377\0002\000.\0002\000\040\000C\000l\000a\000s\000s\000i\000f\000i\000c\000a\000t\000i\000o\000n\000\040\000o\000f\000\040\000M\000e\000d\000i\000c\000a\000t\000i\000o\000n\000\040\000E\000r\000r\000o\000r\000s\000\040\000s\000p\000e\000c\000i\000f\000i\000c\000a\000l\000l\000y\000\040\000d\000u\000e\000\040\000t\000o\000\040\000L\000A\000S\000A}{section.0.5}% 16
\BOOKMARK [3][-]{section*.2}{\376\377\0002\000.\0003\000\040\000E\000x\000i\000s\000t\000i\000n\000g\000\040\000S\000t\000r\000i\000n\000g\000\040\000D\000e\000t\000e\000c\000t\000i\000o\000n\000\040\000A\000l\000g\000o\000r\000i\000t\000h\000m\000s\000\040\000a\000n\000d\000\040\000T\000e\000c\000h\000n\000i\000q\000u\000e\000s}{section.0.5}% 17
\BOOKMARK [3][-]{section*.2}{\376\377\0002\000.\0004\000\040\000F\000a\000t\000a\000l\000\040\000L\000i\000m\000i\000t\000a\000t\000i\000o\000n\000s\000\040\000o\000f\000\040\000E\000x\000i\000s\000t\000i\000n\000g\000\040\000L\000e\000g\000a\000c\000y\000\040\000S\000y\000s\000t\000e\000m\000s\000\040\000\050\000A\000l\000e\000r\000t\000\040\000F\000a\000t\000i\000g\000u\000e\000\051}{section.0.5}% 18
\BOOKMARK [3][-]{section*.2}{\376\377\0002\000.\0005\000\040\000E\000m\000e\000r\000g\000e\000n\000c\000e\000\040\000o\000f\000\040\000M\000a\000c\000h\000i\000n\000e\000\040\000L\000e\000a\000r\000n\000i\000n\000g\000\040\000i\000n\000\040\000P\000r\000e\000d\000i\000c\000t\000i\000v\000e\000\040\000D\000r\000u\000g\000\040\000S\000a\000f\000e\000t\000y}{section.0.5}% 19
\BOOKMARK [3][-]{section*.2}{\376\377\0002\000.\0006\000\040\000S\000t\000a\000t\000e\000\040\000o\000f\000\040\000N\000L\000P\000\040\000a\000n\000d\000\040\000S\000p\000e\000e\000c\000h\000\040\000P\000r\000o\000c\000e\000s\000s\000i\000n\000g\000\040\000i\000n\000\040\000C\000o\000n\000t\000e\000m\000p\000o\000r\000a\000r\000y\000\040\000H\000e\000a\000l\000t\000h\000c\000a\000r\000e}{section.0.5}% 20
\BOOKMARK [3][-]{section*.2}{\376\377\0002\000.\0007\000\040\000S\000u\000m\000m\000a\000r\000y\000\040\000o\000f\000\040\000I\000n\000v\000e\000s\000t\000i\000g\000a\000t\000e\000d\000\040\000L\000i\000t\000e\000r\000a\000t\000u\000r\000e}{section.0.5}% 21
\BOOKMARK [3][-]{section*.2}{\376\377\0002\000.\0008\000\040\000D\000e\000f\000i\000n\000i\000t\000i\000v\000e\000\040\000R\000e\000s\000e\000a\000r\000c\000h\000\040\000G\000a\000p\000\040\000I\000d\000e\000n\000t\000i\000f\000i\000c\000a\000t\000i\000o\000n}{section.0.5}% 22
\BOOKMARK [1][-]{section.0.6}{\376\377\000C\000H\000A\000P\000T\000E\000R\000\040\0003\000:\000\040\000R\000E\000S\000E\000A\000R\000C\000H\000\040\000M\000E\000T\000H\000O\000D\000O\000L\000O\000G\000Y\000\040\000A\000N\000D\000\040\000S\000Y\000S\000T\000E\000M\000\040\000D\000E\000S\000I\000G\000N}{}% 23
\BOOKMARK [2][-]{section*.3}{\376\377\0003\000.\0001\000\040\000G\000e\000n\000e\000r\000a\000l\000\040\000F\000r\000a\000m\000e\000w\000o\000r\000k\000\040\000P\000h\000i\000l\000o\000s\000o\000p\000h\000y}{section.0.6}% 24
\BOOKMARK [3][-]{section*.3}{\376\377\0003\000.\0002\000\040\000C\000o\000m\000p\000r\000e\000h\000e\000n\000s\000i\000v\000e\000\040\000S\000y\000s\000t\000e\000m\000\040\000O\000v\000e\000r\000v\000i\000e\000w}{section.0.6}% 25
\BOOKMARK [3][-]{section*.3}{\376\377\0003\000.\0003\000\040\000D\000e\000t\000a\000i\000l\000e\000d\000\040\000A\000r\000c\000h\000i\000t\000e\000c\000t\000u\000r\000e\000\040\000D\000e\000s\000i\000g\000n\000\040\000a\000n\000d\000\040\000P\000i\000p\000e\000l\000i\000n\000e\000\040\000I\000n\000t\000e\000r\000a\000c\000t\000i\000o\000n\000s}{section.0.6}% 26
\BOOKMARK [3][-]{section*.3}{\376\377\0003\000.\0004\000\040\000D\000a\000t\000a\000\040\000C\000o\000l\000l\000e\000c\000t\000i\000o\000n\000\040\000M\000e\000t\000h\000o\000d\000o\000l\000o\000g\000i\000e\000s\000\040\000a\000n\000d\000\040\000P\000D\000F\000\040\000P\000a\000r\000s\000i\000n\000g}{section.0.6}% 27
\BOOKMARK [3][-]{section*.3}{\376\377\0003\000.\0005\000\040\000D\000a\000t\000a\000\040\000P\000r\000e\000p\000r\000o\000c\000e\000s\000s\000i\000n\000g\000\040\000a\000n\000d\000\040\000A\000l\000g\000o\000r\000i\000t\000h\000m\000i\000c\000\040\000S\000a\000n\000i\000t\000i\000z\000a\000t\000i\000o\000n}{section.0.6}% 28
\BOOKMARK [3][-]{section*.3}{\376\377\0003\000.\0006\000\040\0009\000-\000D\000i\000m\000e\000n\000s\000i\000o\000n\000a\000l\000\040\000F\000e\000a\000t\000u\000r\000e\000\040\000E\000n\000g\000i\000n\000e\000e\000r\000i\000n\000g\000\040\000\050\000I\000n\000-\000D\000e\000p\000t\000h\000\040\000M\000a\000t\000h\000e\000m\000a\000t\000i\000c\000a\000l\000\040\000M\000o\000d\000e\000l\000s\000\051}{section.0.6}% 29
\BOOKMARK [3][-]{section*.3}{\376\377\0003\000.\0007\000\040\000I\000t\000e\000r\000a\000t\000i\000v\000e\000\040\000M\000o\000d\000e\000l\000\040\000D\000e\000v\000e\000l\000o\000p\000m\000e\000n\000t\000\040\000a\000n\000d\000\040\000C\000l\000a\000s\000s\000i\000f\000i\000e\000r\000\040\000S\000e\000l\000e\000c\000t\000i\000o\000n}{section.0.6}% 30
\BOOKMARK [3][-]{section*.3}{\376\377\0003\000.\0008\000\040\000M\000o\000d\000e\000l\000\040\000E\000v\000a\000l\000u\000a\000t\000i\000o\000n\000\040\000S\000t\000a\000n\000d\000a\000r\000d\000s\000\040\000a\000n\000d\000\040\000M\000e\000t\000r\000i\000c\000\040\000T\000r\000a\000c\000k\000i\000n\000g}{section.0.6}% 31
\BOOKMARK [3][-]{section*.3}{\376\377\0003\000.\0009\000\040\000S\000p\000e\000e\000c\000h\000-\000t\000o\000-\000T\000e\000x\000t\000\040\000A\000r\000c\000h\000i\000t\000e\000c\000t\000u\000r\000a\000l\000\040\000I\000n\000t\000e\000g\000r\000a\000t\000i\000o\000n\000\040\000\050\000O\000p\000e\000n\000A\000I\000\040\000W\000h\000i\000s\000p\000e\000r\000\051}{section.0.6}% 32
\BOOKMARK [3][-]{section*.3}{\376\377\0003\000.\0001\0000\000\040\000A\000d\000v\000a\000n\000c\000e\000d\000\040\000N\000L\000P\000\040\000D\000i\000c\000t\000a\000t\000i\000o\000n\000\040\000D\000r\000u\000g\000\040\000E\000x\000t\000r\000a\000c\000t\000i\000o\000n\000\040\000L\000o\000g\000i\000c}{section.0.6}% 33
\BOOKMARK [3][-]{section*.3}{\376\377\0003\000.\0001\0001\000\040\000B\000i\000o\000l\000o\000g\000i\000c\000a\000l\000\040\000P\000a\000t\000i\000e\000n\000t\000\040\000C\000o\000n\000t\000e\000x\000t\000\040\000V\000a\000l\000i\000d\000a\000t\000i\000o\000n\000\040\000M\000a\000p\000p\000i\000n\000g}{section.0.6}% 34
\BOOKMARK [3][-]{section*.3}{\376\377\0003\000.\0001\0002\000\040\000F\000u\000s\000e\000d\000\040\000M\000u\000l\000t\000i\000-\000S\000i\000g\000n\000a\000l\000\040\000D\000e\000c\000i\000s\000i\000o\000n\000\040\000E\000n\000g\000i\000n\000e\000\040\000L\000o\000g\000i\000c\000\040\000P\000a\000t\000h\000i\000n\000g}{section.0.6}% 35
\BOOKMARK [1][-]{section.0.7}{\376\377\000C\000H\000A\000P\000T\000E\000R\000\040\0004\000:\000\040\000E\000M\000P\000I\000R\000I\000C\000A\000L\000\040\000R\000E\000S\000U\000L\000T\000S\000\040\000A\000N\000D\000\040\000S\000Y\000S\000T\000E\000M\000\040\000D\000I\000S\000C\000U\000S\000S\000I\000O\000N}{}% 36
\BOOKMARK [2][-]{section*.4}{\376\377\0004\000.\0001\000\040\000G\000e\000n\000e\000r\000a\000l\000\040\000P\000i\000p\000e\000l\000i\000n\000e\000\040\000P\000e\000r\000f\000o\000r\000m\000a\000n\000c\000e\000\040\000R\000e\000s\000u\000l\000t\000s}{section.0.7}% 37
\BOOKMARK [3][-]{section*.4}{\376\377\0004\000.\0002\000\040\000A\000l\000g\000o\000r\000i\000t\000h\000m\000i\000c\000\040\000M\000o\000d\000e\000l\000\040\000P\000e\000r\000f\000o\000r\000m\000a\000n\000c\000e\000\040\000C\000o\000m\000p\000a\000r\000i\000s\000o\000n\000\040\000E\000v\000a\000l\000u\000a\000t\000i\000o\000n}{section.0.7}% 38
\BOOKMARK [3][-]{section*.4}{\376\377\0004\000.\0003\000\040\000R\000e\000a\000l\000i\000s\000t\000i\000c\000\040\000C\000l\000i\000n\000i\000c\000a\000l\000\040\000E\000x\000a\000m\000p\000l\000e\000\040\000C\000a\000s\000e\000\040\000S\000t\000u\000d\000i\000e\000s}{section.0.7}% 39
\BOOKMARK [3][-]{section*.4}{\376\377\0004\000.\0004\000\040\000J\000S\000O\000N\000\040\000S\000y\000s\000t\000e\000m\000\040\000O\000u\000t\000p\000u\000t\000\040\000A\000r\000c\000h\000i\000t\000e\000c\000t\000u\000r\000e\000\040\000A\000n\000a\000l\000y\000s\000i\000s}{section.0.7}% 40
\BOOKMARK [3][-]{section*.4}{\376\377\0004\000.\0005\000\040\000I\000d\000e\000n\000t\000i\000f\000i\000a\000b\000l\000e\000\040\000A\000d\000v\000a\000n\000t\000a\000g\000e\000s\000\040\000o\000v\000e\000r\000\040\000T\000r\000a\000d\000i\000t\000i\000o\000n\000a\000l\000\040\000D\000e\000t\000e\000c\000t\000i\000o\000n\000\040\000M\000e\000t\000h\000o\000d\000s}{section.0.7}% 41
\BOOKMARK [3][-]{section*.4}{\376\377\0004\000.\0006\000\040\000O\000u\000t\000l\000i\000n\000e\000d\000\040\000T\000e\000c\000h\000n\000i\000c\000a\000l\000\040\000a\000n\000d\000\040\000S\000e\000m\000a\000n\000t\000i\000c\000\040\000L\000i\000m\000i\000t\000a\000t\000i\000o\000n\000s\000\040\000o\000f\000\040\000t\000h\000e\000\040\000S\000y\000s\000t\000e\000m}{section.0.7}% 42
\BOOKMARK [3][-]{section*.4}{\376\377\0004\000.\0007\000\040\000E\000x\000t\000e\000n\000s\000i\000v\000e\000\040\000D\000i\000s\000c\000u\000s\000s\000i\000o\000n\000\040\000o\000n\000\040\000C\000l\000i\000n\000i\000c\000a\000l\000\040\000V\000a\000l\000i\000d\000i\000t\000y}{section.0.7}% 43
\BOOKMARK [1][-]{section.0.8}{\376\377\000C\000H\000A\000P\000T\000E\000R\000\040\0005\000:\000\040\000F\000I\000N\000A\000L\000\040\000F\000I\000N\000D\000I\000N\000G\000S\000\040\000A\000N\000D\000\040\000C\000O\000N\000C\000L\000U\000S\000I\000O\000N}{}% 44
\BOOKMARK [2][-]{section*.5}{\376\377\0005\000.\0001\000\040\000S\000u\000m\000m\000a\000r\000y\000\040\000o\000f\000\040\000K\000e\000y\000\040\000E\000p\000i\000d\000e\000m\000i\000o\000l\000o\000g\000i\000c\000a\000l\000\040\000a\000n\000d\000\040\000A\000l\000g\000o\000r\000i\000t\000h\000m\000i\000c\000\040\000F\000i\000n\000d\000i\000n\000g\000s}{section.0.8}% 45
\BOOKMARK [3][-]{section*.5}{\376\377\0005\000.\0002\000\040\000D\000e\000f\000i\000n\000i\000t\000i\000v\000e\000\040\000C\000o\000n\000c\000l\000u\000s\000i\000o\000n\000\040\000o\000f\000\040\000R\000e\000s\000e\000a\000r\000c\000h\000\040\000I\000m\000p\000a\000c\000t}{section.0.8}% 46
\BOOKMARK [3][-]{section*.5}{\376\377\0005\000.\0003\000\040\000C\000u\000r\000r\000e\000n\000t\000\040\000T\000e\000c\000h\000n\000i\000c\000a\000l\000\040\000L\000i\000m\000i\000t\000a\000t\000i\000o\000n\000s}{section.0.8}% 47
\BOOKMARK [3][-]{section*.5}{\376\377\0005\000.\0004\000\040\000I\000d\000e\000n\000t\000i\000f\000i\000e\000d\000\040\000F\000u\000t\000u\000r\000e\000\040\000S\000c\000o\000p\000e\000s\000\040\000a\000n\000d\000\040\000E\000x\000p\000a\000n\000s\000i\000o\000n\000\040\000A\000r\000c\000h\000i\000t\000e\000c\000t\000u\000r\000e\000s}{section.0.8}% 48
\BOOKMARK [1][-]{section.0.9}{\376\377\000C\000H\000A\000P\000T\000E\000R\000\040\0006\000:\000\040\000R\000E\000F\000E\000R\000E\000N\000C\000E\000S}{}% 49
